<?xml version="1.0" encoding="UTF-8"?>
<testsuite name="comparec.FileCompareTest" tests="1" skipped="0" failures="0" errors="0" timestamp="2021-04-27T09:02:35" hostname="DESKTOP-LA9NGDG" time="0.003">
  <properties/>
  <testcase name="compare" classname="comparec.FileCompareTest" time="0.003"/>
  <system-out><![CDATA[ Modded line 3: file. Java code down
 Modded line 5: //Awesome Java
 Modded line 6: public class Main {
]]></system-out>
  <system-err><![CDATA[]]></system-err>
</testsuite>
